<?xml version="1.0" encoding="UTF-8" ?>
<testsuites>
  <testsuite errors="0" failures="0" hostname="Family-PC" id="0" name="firstSuiteRunner" package="com.cyclos.testSuite1" skipped="2" tests="7" time="93.853" timestamp="2015-11-25T11:18:48">
      <properties>
[...]
</properties>

      <testcase classname="com.cyclos.testSuite1.InvalidLoginTests" name="invalidLogin1" time="21.252" />

      <testcase classname="com.cyclos.testSuite1.InvalidLoginTests" name="invalidLogin" time="8.03" />

      <testcase classname="com.cyclos.testSuite1.LoginTest" name="Login" time="0.0">
          <skipped />

      </testcase>

      <testcase classname="com.cyclos.testSuite1.LoginPageLinkTest" name="doLinkTestLoginPage" time="0.003">
          <skipped />

      </testcase>

      <testcase classname="com.cyclos.testSuite1.LoginPageLinkTest" name="mainLiks" time="3.22" />

      <testcase classname="com.cyclos.testSuite1.RegisterTests" name="newRegister" time="33.268" />

      <testcase classname="com.cyclos.testSuite1.RegisterTests" name="existingUserRegister" time="27.369" />

      <system-out><![CDATA[The action couldn't be processed, as there were validation errors:
Login name is required
The given name / password are incorrect. Please, try again.
17
Register
Sign in
Home
Business directory
Marketplace
P Information

Click here to register
Click here if you have forgotten your login name or password
> More languages
www.cyclos.org
www.socialtrade.org
Terms of use



The action couldn't be processed, as there were validation errors:
Visual validation is required
Name must have at least 5 characters
The action couldn't be processed, as there were validation errors:
Visual validation is required
]]></system-out>

      <system-err><![CDATA[Started InternetExplorerDriver server (32-bit)
2.44.0.0
Listening on port 37906
log4j:WARN No appenders could be found for logger (org.apache.http.client.protocol.RequestAddCookies).
log4j:WARN Please initialize the log4j system properly.
log4j:WARN See http://logging.apache.org/log4j/1.2/faq.html#noconfig for more info.
]]></system-err>

  </testsuite>
  <testsuite errors="0" failures="0" hostname="Family-PC" id="1" name="SecondSuiteRunner" package="com.cyclos.testSuite2" skipped="0" tests="0" time="0.328" timestamp="2015-11-25T11:20:23">
      <properties>
[...]
</properties>

      <system-out><![CDATA[]]></system-out>

      <system-err><![CDATA[]]></system-err>

  </testsuite>
</testsuites>
